d:\users\mrmho\documents\visual studio 2015\projects\cavestory\cavestory\debug\vc140.pdb
d:\users\mrmho\documents\visual studio 2015\projects\cavestory\cavestory\debug\vc140.idb
d:\users\mrmho\documents\visual studio 2015\projects\cavestory\cavestory\debug\animatedsprite.obj
d:\users\mrmho\documents\visual studio 2015\projects\cavestory\cavestory\debug\game.obj
d:\users\mrmho\documents\visual studio 2015\projects\cavestory\cavestory\debug\graphics.obj
d:\users\mrmho\documents\visual studio 2015\projects\cavestory\cavestory\debug\input.obj
d:\users\mrmho\documents\visual studio 2015\projects\cavestory\cavestory\debug\level.obj
d:\users\mrmho\documents\visual studio 2015\projects\cavestory\cavestory\debug\main.obj
d:\users\mrmho\documents\visual studio 2015\projects\cavestory\cavestory\debug\player.obj
d:\users\mrmho\documents\visual studio 2015\projects\cavestory\cavestory\debug\sprite.obj
d:\users\mrmho\documents\visual studio 2015\projects\cavestory\cavestory\debug\tile.obj
d:\users\mrmho\documents\visual studio 2015\projects\cavestory\cavestory\debug\tinyxml2.obj
d:\users\mrmho\documents\visual studio 2015\projects\cavestory\debug\cavestory.ilk
d:\users\mrmho\documents\visual studio 2015\projects\cavestory\debug\cavestory.exe
d:\users\mrmho\documents\visual studio 2015\projects\cavestory\debug\cavestory.pdb
d:\users\mrmho\documents\visual studio 2015\projects\cavestory\cavestory\debug\cavestory.tlog\cl.command.1.tlog
d:\users\mrmho\documents\visual studio 2015\projects\cavestory\cavestory\debug\cavestory.tlog\cl.read.1.tlog
d:\users\mrmho\documents\visual studio 2015\projects\cavestory\cavestory\debug\cavestory.tlog\cl.write.1.tlog
d:\users\mrmho\documents\visual studio 2015\projects\cavestory\cavestory\debug\cavestory.tlog\link.command.1.tlog
d:\users\mrmho\documents\visual studio 2015\projects\cavestory\cavestory\debug\cavestory.tlog\link.read.1.tlog
d:\users\mrmho\documents\visual studio 2015\projects\cavestory\cavestory\debug\cavestory.tlog\link.write.1.tlog
