  level.cpp
  Generating Code...
  Compiling...
  sprite.cpp
d:\users\mrmho\documents\visual studio 2015\projects\cavestory\cavestory\sprite.cpp(28): warning C4838: conversion from 'float' to 'int' requires a narrowing conversion
d:\users\mrmho\documents\visual studio 2015\projects\cavestory\cavestory\sprite.cpp(28): warning C4244: 'initializing': conversion from 'float' to 'int', possible loss of data
  player.cpp
d:\users\mrmho\documents\visual studio 2015\projects\cavestory\cavestory\player.cpp(48): warning C4244: 'argument': conversion from 'float' to 'int', possible loss of data
d:\users\mrmho\documents\visual studio 2015\projects\cavestory\cavestory\player.cpp(52): warning C4244: 'argument': conversion from 'float' to 'int', possible loss of data
  graphics.cpp
  game.cpp
d:\users\mrmho\documents\visual studio 2015\projects\cavestory\cavestory\game.cpp(79): warning C4244: 'argument': conversion from 'const int' to 'float', possible loss of data
d:\users\mrmho\documents\visual studio 2015\projects\cavestory\cavestory\game.cpp(98): warning C4244: 'argument': conversion from 'float' to 'int', possible loss of data
  animatedSprite.cpp
d:\users\mrmho\documents\visual studio 2015\projects\cavestory\cavestory\animatedsprite.cpp(60): warning C4018: '<': signed/unsigned mismatch
d:\users\mrmho\documents\visual studio 2015\projects\cavestory\cavestory\animatedsprite.cpp(78): warning C4244: '=': conversion from 'float' to 'int', possible loss of data
d:\users\mrmho\documents\visual studio 2015\projects\cavestory\cavestory\animatedsprite.cpp(79): warning C4244: '=': conversion from 'float' to 'int', possible loss of data
  Generating Code...
  Skipping... (no relevant changes detected)
  main.cpp
  Cavestory.vcxproj -> D:\Users\mrmho\Documents\Visual Studio 2015\Projects\Cavestory\Debug\Cavestory.exe
  Cavestory.vcxproj -> D:\Users\mrmho\Documents\Visual Studio 2015\Projects\Cavestory\Debug\Cavestory.pdb (Partial PDB)
